mode: set
sugar.com/controllers/appserver_controller.go:53.80,60.16 5 0
sugar.com/controllers/appserver_controller.go:63.2,65.71 3 0
sugar.com/controllers/appserver_controller.go:68.2,70.16 3 0
sugar.com/controllers/appserver_controller.go:87.2,88.16 2 0
sugar.com/controllers/appserver_controller.go:126.2,127.16 2 0
sugar.com/controllers/appserver_controller.go:146.2,146.27 1 0
sugar.com/controllers/appserver_controller.go:60.16,62.3 1 0
sugar.com/controllers/appserver_controller.go:65.71,67.3 1 0
sugar.com/controllers/appserver_controller.go:70.16,71.40 1 0
sugar.com/controllers/appserver_controller.go:71.40,72.54 1 0
sugar.com/controllers/appserver_controller.go:72.54,74.5 1 0
sugar.com/controllers/appserver_controller.go:75.9,77.4 1 0
sugar.com/controllers/appserver_controller.go:78.8,79.62 1 0
sugar.com/controllers/appserver_controller.go:79.62,81.4 1 0
sugar.com/controllers/appserver_controller.go:88.16,89.40 1 0
sugar.com/controllers/appserver_controller.go:89.40,90.82 1 0
sugar.com/controllers/appserver_controller.go:90.82,92.5 1 0
sugar.com/controllers/appserver_controller.go:93.9,95.4 1 0
sugar.com/controllers/appserver_controller.go:96.8,105.44 3 0
sugar.com/controllers/appserver_controller.go:110.3,110.64 1 0
sugar.com/controllers/appserver_controller.go:113.3,113.55 1 0
sugar.com/controllers/appserver_controller.go:105.44,107.4 1 0
sugar.com/controllers/appserver_controller.go:107.9,109.4 1 0
sugar.com/controllers/appserver_controller.go:110.64,112.4 1 0
sugar.com/controllers/appserver_controller.go:113.55,115.4 1 0
sugar.com/controllers/appserver_controller.go:127.16,128.40 1 0
sugar.com/controllers/appserver_controller.go:128.40,129.82 1 0
sugar.com/controllers/appserver_controller.go:129.82,131.5 1 0
sugar.com/controllers/appserver_controller.go:132.9,134.4 1 0
sugar.com/controllers/appserver_controller.go:135.8,136.64 1 0
sugar.com/controllers/appserver_controller.go:136.64,138.4 1 0
sugar.com/controllers/appserver_controller.go:154.72,175.2 1 0
sugar.com/controllers/appserver_controller.go:177.115,258.16 5 0
sugar.com/controllers/appserver_controller.go:262.2,263.16 2 0
sugar.com/controllers/appserver_controller.go:267.2,268.12 2 0
sugar.com/controllers/appserver_controller.go:258.16,261.3 2 0
sugar.com/controllers/appserver_controller.go:263.16,266.3 2 0
sugar.com/controllers/appserver_controller.go:271.129,273.61 2 0
sugar.com/controllers/appserver_controller.go:309.2,309.14 1 0
sugar.com/controllers/appserver_controller.go:312.2,313.16 2 0
sugar.com/controllers/appserver_controller.go:318.2,320.12 2 0
sugar.com/controllers/appserver_controller.go:273.61,274.103 1 0
sugar.com/controllers/appserver_controller.go:278.3,278.69 1 0
sugar.com/controllers/appserver_controller.go:274.103,277.4 2 0
sugar.com/controllers/appserver_controller.go:278.69,279.67 1 0
sugar.com/controllers/appserver_controller.go:280.22,281.90 1 0
sugar.com/controllers/appserver_controller.go:285.23,286.91 1 0
sugar.com/controllers/appserver_controller.go:290.23,291.91 1 0
sugar.com/controllers/appserver_controller.go:295.20,296.105 1 0
sugar.com/controllers/appserver_controller.go:281.90,284.6 2 0
sugar.com/controllers/appserver_controller.go:286.91,289.6 2 0
sugar.com/controllers/appserver_controller.go:291.91,294.6 2 0
sugar.com/controllers/appserver_controller.go:296.105,299.6 2 0
sugar.com/controllers/appserver_controller.go:309.14,311.3 1 0
sugar.com/controllers/appserver_controller.go:313.16,317.3 3 0
sugar.com/controllers/appserver_controller.go:323.121,328.2 3 0
sugar.com/controllers/appserver_controller.go:330.43,332.57 2 0
sugar.com/controllers/appserver_controller.go:335.2,335.65 1 0
sugar.com/controllers/appserver_controller.go:332.57,334.3 1 0
sugar.com/controllers/appserver_controller.go:338.99,358.16 7 0
sugar.com/controllers/appserver_controller.go:362.2,363.16 2 0
sugar.com/controllers/appserver_controller.go:367.2,368.12 2 0
sugar.com/controllers/appserver_controller.go:358.16,361.3 2 0
sugar.com/controllers/appserver_controller.go:363.16,366.3 2 0
sugar.com/controllers/appserver_controller.go:371.124,380.50 4 0
sugar.com/controllers/appserver_controller.go:383.2,385.16 3 0
sugar.com/controllers/appserver_controller.go:389.2,391.12 2 0
sugar.com/controllers/appserver_controller.go:380.50,382.3 1 0
sugar.com/controllers/appserver_controller.go:385.16,388.3 2 0
sugar.com/controllers/appserver_controller.go:394.115,399.2 3 0
sugar.com/controllers/appserver_controller.go:401.115,404.36 2 0
sugar.com/controllers/appserver_controller.go:409.2,426.16 3 0
sugar.com/controllers/appserver_controller.go:430.2,431.16 2 0
sugar.com/controllers/appserver_controller.go:435.2,436.12 2 0
sugar.com/controllers/appserver_controller.go:404.36,406.3 1 0
sugar.com/controllers/appserver_controller.go:406.8,408.3 1 0
sugar.com/controllers/appserver_controller.go:426.16,429.3 2 0
sugar.com/controllers/appserver_controller.go:431.16,434.3 2 0
sugar.com/controllers/appserver_controller.go:439.149,442.36 2 0
sugar.com/controllers/appserver_controller.go:450.2,455.16 5 0
sugar.com/controllers/appserver_controller.go:459.2,461.12 2 0
sugar.com/controllers/appserver_controller.go:442.36,444.3 1 0
sugar.com/controllers/appserver_controller.go:444.8,446.3 1 0
sugar.com/controllers/appserver_controller.go:455.16,458.3 2 0
sugar.com/controllers/appserver_controller.go:464.145,469.2 3 0
sugar.com/controllers/appserver_controller.go:471.102,475.50 2 0
sugar.com/controllers/appserver_controller.go:475.50,477.69 1 0
sugar.com/controllers/appserver_controller.go:486.3,486.20 1 0
sugar.com/controllers/appserver_controller.go:477.69,481.48 3 0
sugar.com/controllers/appserver_controller.go:484.4,484.20 1 0
sugar.com/controllers/appserver_controller.go:481.48,483.5 1 0
sugar.com/controllers/appserver_controller.go:487.8,489.68 1 0
sugar.com/controllers/appserver_controller.go:506.3,506.19 1 0
sugar.com/controllers/appserver_controller.go:489.68,502.48 3 0
sugar.com/controllers/appserver_controller.go:502.48,504.5 1 0
sugar.com/controllers/appserver_controller.go:511.52,512.29 1 0
sugar.com/controllers/appserver_controller.go:517.2,517.14 1 0
sugar.com/controllers/appserver_controller.go:512.29,513.16 1 0
sugar.com/controllers/appserver_controller.go:513.16,515.4 1 0
sugar.com/controllers/appserver_controller.go:520.63,521.29 1 0
sugar.com/controllers/appserver_controller.go:527.2,527.8 1 0
sugar.com/controllers/appserver_controller.go:521.29,522.16 1 0
sugar.com/controllers/appserver_controller.go:525.3,525.32 1 0
sugar.com/controllers/appserver_controller.go:522.16,523.12 1 0
sugar.com/controllers/appserver_controller.go:530.34,533.2 2 0
