mode: set
DistributeTrainJob/controllers/distributetrainjob_controller.go:50.89,58.16 5 0
DistributeTrainJob/controllers/distributetrainjob_controller.go:65.2,70.50 3 0
DistributeTrainJob/controllers/distributetrainjob_controller.go:79.2,81.16 3 0
DistributeTrainJob/controllers/distributetrainjob_controller.go:85.2,92.40 6 0
DistributeTrainJob/controllers/distributetrainjob_controller.go:104.2,109.148 5 0
DistributeTrainJob/controllers/distributetrainjob_controller.go:120.2,120.42 1 0
DistributeTrainJob/controllers/distributetrainjob_controller.go:130.2,130.51 1 0
DistributeTrainJob/controllers/distributetrainjob_controller.go:141.2,143.44 2 0
DistributeTrainJob/controllers/distributetrainjob_controller.go:180.2,181.27 2 0
DistributeTrainJob/controllers/distributetrainjob_controller.go:58.16,59.53 1 0
DistributeTrainJob/controllers/distributetrainjob_controller.go:59.53,61.4 1 0
DistributeTrainJob/controllers/distributetrainjob_controller.go:61.9,63.4 1 0
DistributeTrainJob/controllers/distributetrainjob_controller.go:70.50,74.17 4 0
DistributeTrainJob/controllers/distributetrainjob_controller.go:74.17,77.4 2 0
DistributeTrainJob/controllers/distributetrainjob_controller.go:81.16,84.3 2 0
DistributeTrainJob/controllers/distributetrainjob_controller.go:92.40,93.43 1 0
DistributeTrainJob/controllers/distributetrainjob_controller.go:93.43,95.4 1 0
DistributeTrainJob/controllers/distributetrainjob_controller.go:95.9,95.51 1 0
DistributeTrainJob/controllers/distributetrainjob_controller.go:95.51,97.4 1 0
DistributeTrainJob/controllers/distributetrainjob_controller.go:97.9,97.53 1 0
DistributeTrainJob/controllers/distributetrainjob_controller.go:97.53,99.4 1 0
DistributeTrainJob/controllers/distributetrainjob_controller.go:99.9,99.51 1 0
DistributeTrainJob/controllers/distributetrainjob_controller.go:99.51,101.4 1 0
DistributeTrainJob/controllers/distributetrainjob_controller.go:109.148,117.3 3 0
DistributeTrainJob/controllers/distributetrainjob_controller.go:120.42,129.3 5 0
DistributeTrainJob/controllers/distributetrainjob_controller.go:130.51,139.3 5 0
DistributeTrainJob/controllers/distributetrainjob_controller.go:143.44,144.51 1 0
DistributeTrainJob/controllers/distributetrainjob_controller.go:144.51,148.4 1 0
DistributeTrainJob/controllers/distributetrainjob_controller.go:148.9,152.18 4 0
DistributeTrainJob/controllers/distributetrainjob_controller.go:152.18,156.5 2 0
DistributeTrainJob/controllers/distributetrainjob_controller.go:156.10,158.5 1 0
DistributeTrainJob/controllers/distributetrainjob_controller.go:172.8,173.51 1 0
DistributeTrainJob/controllers/distributetrainjob_controller.go:173.51,177.4 3 0
DistributeTrainJob/controllers/distributetrainjob_controller.go:184.121,207.2 3 0
DistributeTrainJob/controllers/distributetrainjob_controller.go:209.115,213.16 3 0
DistributeTrainJob/controllers/distributetrainjob_controller.go:218.2,218.16 1 0
DistributeTrainJob/controllers/distributetrainjob_controller.go:213.16,214.53 1 0
DistributeTrainJob/controllers/distributetrainjob_controller.go:214.53,216.4 1 0
DistributeTrainJob/controllers/distributetrainjob_controller.go:221.100,222.33 1 0
DistributeTrainJob/controllers/distributetrainjob_controller.go:225.2,225.12 1 0
DistributeTrainJob/controllers/distributetrainjob_controller.go:222.33,224.3 1 0
DistributeTrainJob/controllers/distributetrainjob_controller.go:228.137,234.2 3 0
DistributeTrainJob/controllers/distributetrainjob_controller.go:236.100,258.38 6 0
DistributeTrainJob/controllers/distributetrainjob_controller.go:264.2,265.46 2 0
DistributeTrainJob/controllers/distributetrainjob_controller.go:272.2,272.37 1 0
DistributeTrainJob/controllers/distributetrainjob_controller.go:277.2,279.12 3 0
DistributeTrainJob/controllers/distributetrainjob_controller.go:258.38,260.33 2 0
DistributeTrainJob/controllers/distributetrainjob_controller.go:260.33,262.4 1 0
DistributeTrainJob/controllers/distributetrainjob_controller.go:265.46,268.36 3 0
DistributeTrainJob/controllers/distributetrainjob_controller.go:268.36,270.4 1 0
DistributeTrainJob/controllers/distributetrainjob_controller.go:272.37,276.3 3 0
DistributeTrainJob/controllers/distributetrainjob_controller.go:282.109,286.47 2 0
DistributeTrainJob/controllers/distributetrainjob_controller.go:307.2,307.12 1 0
DistributeTrainJob/controllers/distributetrainjob_controller.go:286.47,288.42 1 0
DistributeTrainJob/controllers/distributetrainjob_controller.go:288.42,292.4 3 0
DistributeTrainJob/controllers/distributetrainjob_controller.go:293.8,295.41 1 0
DistributeTrainJob/controllers/distributetrainjob_controller.go:305.3,305.13 1 0
DistributeTrainJob/controllers/distributetrainjob_controller.go:295.41,298.126 2 0
DistributeTrainJob/controllers/distributetrainjob_controller.go:303.4,303.50 1 0
DistributeTrainJob/controllers/distributetrainjob_controller.go:298.126,301.5 2 0
DistributeTrainJob/controllers/distributetrainjob_controller.go:310.81,314.2 1 0
